#
# There is insufficient memory for the Java Runtime Environment to continue.
# Native memory allocation (mmap) failed to map 147849216 bytes for committing reserved memory.
# Possible reasons:
#   The system is out of physical RAM or swap space
#   In 32 bit mode, the process size limit was hit
# Possible solutions:
#   Reduce memory load on the system
#   Increase physical memory or swap space
#   Check if swap backing store is full
#   Use 64 bit Java on a 64 bit OS
#   Decrease Java heap size (-Xmx/-Xms)
#   Decrease number of Java threads
#   Decrease Java thread stack sizes (-Xss)
#   Set larger code cache with -XX:ReservedCodeCacheSize=
# This output file may be truncated or incomplete.
#
#  Out of Memory Error (os_linux.cpp:2630), pid=14577, tid=140249996932864
#
# JRE version: OpenJDK Runtime Environment (8.0_91-b14) (build 1.8.0_91-8u91-b14-0ubuntu4~15.10.1-b14)
# Java VM: OpenJDK 64-Bit Server VM (25.91-b14 mixed mode linux-amd64 compressed oops)
# Failed to write core dump. Core dumps have been disabled. To enable core dumping, try "ulimit -c unlimited" before starting Java again
#

---------------  T H R E A D  ---------------

Current thread (0x00007f8e94078000):  VMThread [stack: 0x00007f8e7f2f3000,0x00007f8e7f3f4000] [id=14586]

Stack: [0x00007f8e7f2f3000,0x00007f8e7f3f4000],  sp=0x00007f8e7f3f24c0,  free space=1021k
Native frames: (J=compiled Java code, j=interpreted, Vv=VM code, C=native code)
V  [libjvm.so+0xa5e7fb]
V  [libjvm.so+0x4c1c1c]
V  [libjvm.so+0x8af0e0]
V  [libjvm.so+0x8a955e]
V  [libjvm.so+0x92358b]
V  [libjvm.so+0x9248d3]
V  [libjvm.so+0x920f83]
V  [libjvm.so+0x92124c]
V  [libjvm.so+0x8d3933]
V  [libjvm.so+0xa604b2]
V  [libjvm.so+0xa65537]
V  [libjvm.so+0xa62d07]
V  [libjvm.so+0xa6418f]
V  [libjvm.so+0xa64681]
V  [libjvm.so+0x8ac5c2]

VM_Operation (0x00007f8e7e204b60): ParallelGCFailedAllocation, mode: safepoint, requested by thread 0x00007f8e94185800


---------------  P R O C E S S  ---------------

Java Threads: ( => current thread )
  0x00007f8e94195000 JavaThread "pool-2-thread-4" [_thread_blocked, id=14605, stack(0x00007f8e7df04000,0x00007f8e7e005000)]
  0x00007f8e94194000 JavaThread "pool-2-thread-3" [_thread_blocked, id=14604, stack(0x00007f8e7e005000,0x00007f8e7e106000)]
  0x00007f8e94185800 JavaThread "pool-2-thread-2" [_thread_blocked, id=14603, stack(0x00007f8e7e106000,0x00007f8e7e207000)]
  0x00007f8e94184000 JavaThread "pool-3-thread-1" [_thread_blocked, id=14602, stack(0x00007f8e7e207000,0x00007f8e7e308000)]
  0x00007f8e9417f800 JavaThread "pool-2-thread-1" [_thread_blocked, id=14601, stack(0x00007f8e7e308000,0x00007f8e7e409000)]
  0x00007f8e940ba800 JavaThread "Service Thread" daemon [_thread_blocked, id=14593, stack(0x00007f8e7e50a000,0x00007f8e7e60b000)]
  0x00007f8e940b3000 JavaThread "C1 CompilerThread2" daemon [_thread_blocked, id=14592, stack(0x00007f8e7e60b000,0x00007f8e7e70c000)]
  0x00007f8e940b1000 JavaThread "C2 CompilerThread1" daemon [_thread_blocked, id=14591, stack(0x00007f8e7e70c000,0x00007f8e7e80d000)]
  0x00007f8e940ae000 JavaThread "C2 CompilerThread0" daemon [_thread_blocked, id=14590, stack(0x00007f8e7e80d000,0x00007f8e7e90e000)]
  0x00007f8e940ac000 JavaThread "Signal Dispatcher" daemon [_thread_blocked, id=14589, stack(0x00007f8e7e90e000,0x00007f8e7ea0f000)]
  0x00007f8e94084800 JavaThread "Finalizer" daemon [_thread_blocked, id=14588, stack(0x00007f8e7f0f1000,0x00007f8e7f1f2000)]
  0x00007f8e9407f800 JavaThread "Reference Handler" daemon [_thread_blocked, id=14587, stack(0x00007f8e7f1f2000,0x00007f8e7f2f3000)]
  0x00007f8e9400a000 JavaThread "main" [_thread_blocked, id=14579, stack(0x00007f8e9e12a000,0x00007f8e9e22b000)]

Other Threads:
=>0x00007f8e94078000 VMThread [stack: 0x00007f8e7f2f3000,0x00007f8e7f3f4000] [id=14586]
  0x00007f8e940bd000 WatcherThread [stack: 0x00007f8e7e409000,0x00007f8e7e50a000] [id=14594]

VM state:at safepoint (normal execution)

VM Mutex/Monitor currently owned by a thread:  ([mutex/lock_event])
[0x00007f8e94006840] Threads_lock - owner thread: 0x00007f8e94078000
[0x00007f8e94006d40] Heap_lock - owner thread: 0x00007f8e94185800

Heap:
 PSYoungGen      total 139776K, used 15342K [0x00000000eab00000, 0x00000000f4500000, 0x0000000100000000)
  eden space 124416K, 0% used [0x00000000eab00000,0x00000000eab00000,0x00000000f2480000)
  from space 15360K, 99% used [0x00000000f2480000,0x00000000f337b840,0x00000000f3380000)
  to   space 12800K, 0% used [0x00000000f3380000,0x00000000f3380000,0x00000000f4000000)
 ParOldGen       total 42496K, used 41293K [0x00000000c0000000, 0x00000000c2980000, 0x00000000eab00000)
  object space 42496K, 97% used [0x00000000c0000000,0x00000000c28534f0,0x00000000c2980000)
 Metaspace       used 6238K, capacity 7088K, committed 7296K, reserved 1056768K
  class space    used 584K, capacity 616K, committed 640K, reserved 1048576K

Card table byte_map: [0x00007f8e9a605000,0x00007f8e9a806000] byte_map_base: 0x00007f8e9a005000

Marking Bits: (ParMarkBitMap*) 0x00007f8e9d409000
 Begin Bits: [0x00007f8e980ab000, 0x00007f8e990ab000)
 End Bits:   [0x00007f8e990ab000, 0x00007f8e9a0ab000)

Polling page: 0x00007f8e9e25a000

CodeCache: size=245760Kb used=6232Kb max_used=6232Kb free=239527Kb
 bounds [0x00007f8e85000000, 0x00007f8e85620000, 0x00007f8e94000000]
 total_blobs=2059 nmethods=1792 adapters=181
 compilation: enabled

Compilation events (10 events):
Event: 11.541 Thread 0x00007f8e940b3000 2166       2       com.android.dx.rop.code.Rops::opAget (97 bytes)
Event: 11.542 Thread 0x00007f8e940b3000 nmethod 2166 0x00007f8e85617d10 code [0x00007f8e85617f00, 0x00007f8e85618478]
Event: 11.559 Thread 0x00007f8e940b3000 2167 %     3       java.lang.String::lastIndexOf @ 62 (151 bytes)
Event: 11.560 Thread 0x00007f8e940b3000 nmethod 2167% 0x00007f8e85618790 code [0x00007f8e85618940, 0x00007f8e85618f50]
Event: 11.560 Thread 0x00007f8e940b3000 2168       2       java.util.Date::normalize (110 bytes)
Event: 11.561 Thread 0x00007f8e940b3000 nmethod 2168 0x00007f8e85619450 code [0x00007f8e85619640, 0x00007f8e85619cb8]
Event: 11.612 Thread 0x00007f8e940b3000 2169       2       com.android.dx.rop.type.Type::getClassName (94 bytes)
Event: 11.612 Thread 0x00007f8e940b3000 nmethod 2169 0x00007f8e8561a050 code [0x00007f8e8561a220, 0x00007f8e8561a738]
Event: 11.652 Thread 0x00007f8e940b3000 2170       2       com.android.dx.cf.attrib.AttInnerClasses::byteLength (14 bytes)
Event: 11.652 Thread 0x00007f8e940b3000 nmethod 2170 0x00007f8e8561aa50 code [0x00007f8e8561abc0, 0x00007f8e8561ad30]

GC Heap History (10 events):
Event: 3.416 GC heap after
Heap after GC invocations=2 (full 0):
 PSYoungGen      total 34304K, used 2528K [0x00000000eab00000, 0x00000000ecf00000, 0x0000000100000000)
  eden space 31744K, 0% used [0x00000000eab00000,0x00000000eab00000,0x00000000eca00000)
  from space 2560K, 98% used [0x00000000ecc80000,0x00000000ecef8028,0x00000000ecf00000)
  to   space 2560K, 0% used [0x00000000eca00000,0x00000000eca00000,0x00000000ecc80000)
 ParOldGen       total 42496K, used 4240K [0x00000000c0000000, 0x00000000c2980000, 0x00000000eab00000)
  object space 42496K, 9% used [0x00000000c0000000,0x00000000c0424318,0x00000000c2980000)
 Metaspace       used 5710K, capacity 6832K, committed 7040K, reserved 1056768K
  class space    used 566K, capacity 616K, committed 640K, reserved 1048576K
}
Event: 4.709 GC heap before
{Heap before GC invocations=3 (full 0):
 PSYoungGen      total 34304K, used 34272K [0x00000000eab00000, 0x00000000ecf00000, 0x0000000100000000)
  eden space 31744K, 100% used [0x00000000eab00000,0x00000000eca00000,0x00000000eca00000)
  from space 2560K, 98% used [0x00000000ecc80000,0x00000000ecef8028,0x00000000ecf00000)
  to   space 2560K, 0% used [0x00000000eca00000,0x00000000eca00000,0x00000000ecc80000)
 ParOldGen       total 42496K, used 4240K [0x00000000c0000000, 0x00000000c2980000, 0x00000000eab00000)
  object space 42496K, 9% used [0x00000000c0000000,0x00000000c0424318,0x00000000c2980000)
 Metaspace       used 5780K, capacity 6896K, committed 7040K, reserved 1056768K
  class space    used 566K, capacity 616K, committed 640K, reserved 1048576K
Event: 4.769 GC heap after
Heap after GC invocations=3 (full 0):
 PSYoungGen      total 34304K, used 2528K [0x00000000eab00000, 0x00000000eee00000, 0x0000000100000000)
  eden space 31744K, 0% used [0x00000000eab00000,0x00000000eab00000,0x00000000eca00000)
  from space 2560K, 98% used [0x00000000eca00000,0x00000000ecc78028,0x00000000ecc80000)
  to   space 2560K, 0% used [0x00000000eeb80000,0x00000000eeb80000,0x00000000eee00000)
 ParOldGen       total 42496K, used 9237K [0x00000000c0000000, 0x00000000c2980000, 0x00000000eab00000)
  object space 42496K, 21% used [0x00000000c0000000,0x00000000c0905430,0x00000000c2980000)
 Metaspace       used 5780K, capacity 6896K, committed 7040K, reserved 1056768K
  class space    used 566K, capacity 616K, committed 640K, reserved 1048576K
}
Event: 5.428 GC heap before
{Heap before GC invocations=4 (full 0):
 PSYoungGen      total 34304K, used 34272K [0x00000000eab00000, 0x00000000eee00000, 0x0000000100000000)
  eden space 31744K, 100% used [0x00000000eab00000,0x00000000eca00000,0x00000000eca00000)
  from space 2560K, 98% used [0x00000000eca00000,0x00000000ecc78028,0x00000000ecc80000)
  to   space 2560K, 0% used [0x00000000eeb80000,0x00000000eeb80000,0x00000000eee00000)
 ParOldGen       total 42496K, used 9237K [0x00000000c0000000, 0x00000000c2980000, 0x00000000eab00000)
  object space 42496K, 21% used [0x00000000c0000000,0x00000000c0905430,0x00000000c2980000)
 Metaspace       used 5796K, capacity 6896K, committed 7040K, reserved 1056768K
  class space    used 566K, capacity 616K, committed 640K, reserved 1048576K
Event: 5.511 GC heap after
Heap after GC invocations=4 (full 0):
 PSYoungGen      total 66048K, used 2528K [0x00000000eab00000, 0x00000000eee00000, 0x0000000100000000)
  eden space 63488K, 0% used [0x00000000eab00000,0x00000000eab00000,0x00000000ee900000)
  from space 2560K, 98% used [0x00000000eeb80000,0x00000000eedf8028,0x00000000eee00000)
  to   space 2560K, 0% used [0x00000000ee900000,0x00000000ee900000,0x00000000eeb80000)
 ParOldGen       total 42496K, used 13296K [0x00000000c0000000, 0x00000000c2980000, 0x00000000eab00000)
  object space 42496K, 31% used [0x00000000c0000000,0x00000000c0cfc0a0,0x00000000c2980000)
 Metaspace       used 5796K, capacity 6896K, committed 7040K, reserved 1056768K
  class space    used 566K, capacity 616K, committed 640K, reserved 1048576K
}
Event: 7.588 GC heap before
{Heap before GC invocations=5 (full 0):
 PSYoungGen      total 66048K, used 66016K [0x00000000eab00000, 0x00000000eee00000, 0x0000000100000000)
  eden space 63488K, 100% used [0x00000000eab00000,0x00000000ee900000,0x00000000ee900000)
  from space 2560K, 98% used [0x00000000eeb80000,0x00000000eedf8028,0x00000000eee00000)
  to   space 2560K, 0% used [0x00000000ee900000,0x00000000ee900000,0x00000000eeb80000)
 ParOldGen       total 42496K, used 13296K [0x00000000c0000000, 0x00000000c2980000, 0x00000000eab00000)
  object space 42496K, 31% used [0x00000000c0000000,0x00000000c0cfc0a0,0x00000000c2980000)
 Metaspace       used 6000K, capacity 6960K, committed 7040K, reserved 1056768K
  class space    used 584K, capacity 616K, committed 640K, reserved 1048576K
Event: 7.896 GC heap after
Heap after GC invocations=5 (full 0):
 PSYoungGen      total 66048K, used 2528K [0x00000000eab00000, 0x00000000f4000000, 0x0000000100000000)
  eden space 63488K, 0% used [0x00000000eab00000,0x00000000eab00000,0x00000000ee900000)
  from space 2560K, 98% used [0x00000000ee900000,0x00000000eeb78028,0x00000000eeb80000)
  to   space 12800K, 0% used [0x00000000f3380000,0x00000000f3380000,0x00000000f4000000)
 ParOldGen       total 42496K, used 24060K [0x00000000c0000000, 0x00000000c2980000, 0x00000000eab00000)
  object space 42496K, 56% used [0x00000000c0000000,0x00000000c177f210,0x00000000c2980000)
 Metaspace       used 6000K, capacity 6960K, committed 7040K, reserved 1056768K
  class space    used 584K, capacity 616K, committed 640K, reserved 1048576K
}
Event: 9.050 GC heap before
{Heap before GC invocations=6 (full 0):
 PSYoungGen      total 66048K, used 66016K [0x00000000eab00000, 0x00000000f4000000, 0x0000000100000000)
  eden space 63488K, 100% used [0x00000000eab00000,0x00000000ee900000,0x00000000ee900000)
  from space 2560K, 98% used [0x00000000ee900000,0x00000000eeb78028,0x00000000eeb80000)
  to   space 12800K, 0% used [0x00000000f3380000,0x00000000f3380000,0x00000000f4000000)
 ParOldGen       total 42496K, used 24060K [0x00000000c0000000, 0x00000000c2980000, 0x00000000eab00000)
  object space 42496K, 56% used [0x00000000c0000000,0x00000000c177f210,0x00000000c2980000)
 Metaspace       used 6100K, capacity 7088K, committed 7296K, reserved 1056768K
  class space    used 584K, capacity 616K, committed 640K, reserved 1048576K
Event: 9.272 GC heap after
Heap after GC invocations=6 (full 0):
 PSYoungGen      total 137216K, used 12799K [0x00000000eab00000, 0x00000000f4500000, 0x0000000100000000)
  eden space 124416K, 0% used [0x00000000eab00000,0x00000000eab00000,0x00000000f2480000)
  from space 12800K, 99% used [0x00000000f3380000,0x00000000f3fffc18,0x00000000f4000000)
  to   space 15360K, 0% used [0x00000000f2480000,0x00000000f2480000,0x00000000f3380000)
 ParOldGen       total 42496K, used 24549K [0x00000000c0000000, 0x00000000c2980000, 0x00000000eab00000)
  object space 42496K, 57% used [0x00000000c0000000,0x00000000c17f94d0,0x00000000c2980000)
 Metaspace       used 6100K, capacity 7088K, committed 7296K, reserved 1056768K
  class space    used 584K, capacity 616K, committed 640K, reserved 1048576K
}
Event: 11.786 GC heap before
{Heap before GC invocations=7 (full 0):
 PSYoungGen      total 137216K, used 137215K [0x00000000eab00000, 0x00000000f4500000, 0x0000000100000000)
  eden space 124416K, 100% used [0x00000000eab00000,0x00000000f2480000,0x00000000f2480000)
  from space 12800K, 99% used [0x00000000f3380000,0x00000000f3fffc18,0x00000000f4000000)
  to   space 15360K, 0% used [0x00000000f2480000,0x00000000f2480000,0x00000000f3380000)
 ParOldGen       total 42496K, used 24549K [0x00000000c0000000, 0x00000000c2980000, 0x00000000eab00000)
  object space 42496K, 57% used [0x00000000c0000000,0x00000000c17f94d0,0x00000000c2980000)
 Metaspace       used 6238K, capacity 7088K, committed 7296K, reserved 1056768K
  class space    used 584K, capacity 616K, committed 640K, reserved 1048576K

Deoptimization events (10 events):
Event: 3.130 Thread 0x00007f8e94195000 Uncommon trap: reason=unstable_if action=reinterpret pc=0x00007f8e85283a6c method=com.android.dx.util.IntList.binarysearch(I)I @ 105
Event: 4.269 Thread 0x00007f8e9400a000 Uncommon trap: reason=bimorphic action=maybe_recompile pc=0x00007f8e851eb5d8 method=java.util.HashMap.getNode(ILjava/lang/Object;)Ljava/util/HashMap$Node; @ 126
Event: 4.269 Thread 0x00007f8e9400a000 Uncommon trap: reason=bimorphic action=maybe_recompile pc=0x00007f8e851eb5d8 method=java.util.HashMap.getNode(ILjava/lang/Object;)Ljava/util/HashMap$Node; @ 126
Event: 4.269 Thread 0x00007f8e9400a000 Uncommon trap: reason=bimorphic action=maybe_recompile pc=0x00007f8e851eb5d8 method=java.util.HashMap.getNode(ILjava/lang/Object;)Ljava/util/HashMap$Node; @ 126
Event: 4.269 Thread 0x00007f8e9400a000 Uncommon trap: reason=bimorphic action=maybe_recompile pc=0x00007f8e851eb5d8 method=java.util.HashMap.getNode(ILjava/lang/Object;)Ljava/util/HashMap$Node; @ 126
Event: 4.269 Thread 0x00007f8e9400a000 Uncommon trap: reason=unstable_if action=reinterpret pc=0x00007f8e851fef9c method=com.android.dx.rop.cst.Constant.compareTo(Lcom/android/dx/rop/cst/Constant;)I @ 12
Event: 5.911 Thread 0x00007f8e94185800 Uncommon trap: reason=unstable_if action=reinterpret pc=0x00007f8e8523ce64 method=java.util.HashMap.putVal(ILjava/lang/Object;Ljava/lang/Object;ZZ)Ljava/lang/Object; @ 162
Event: 5.993 Thread 0x00007f8e94185800 Uncommon trap: reason=unstable_if action=reinterpret pc=0x00007f8e853562c8 method=java.util.HashMap.getNode(ILjava/lang/Object;)Ljava/util/HashMap$Node; @ 84
Event: 8.015 Thread 0x00007f8e9417f800 Uncommon trap: reason=unstable_if action=reinterpret pc=0x00007f8e85476a60 method=com.android.dx.ssa.SCCP.simulateStmt(Lcom/android/dx/ssa/SsaInsn;)V @ 59
Event: 8.241 Thread 0x00007f8e94185800 Uncommon trap: reason=unstable_if action=reinterpret pc=0x00007f8e854cbc64 method=java.util.HashMap.putVal(ILjava/lang/Object;Ljava/lang/Object;ZZ)Ljava/lang/Object; @ 109

Internal exceptions (8 events):
Event: 0.110 Thread 0x00007f8e9400a000 Exception <a 'java/lang/NoSuchMethodError': Method sun.misc.Unsafe.defineClass(Ljava/lang/String;[BII)Ljava/lang/Class; name or signature does not match> (0x00000000eab07cc0) thrown at [/build/openjdk-8-62f1BD/openjdk-8-8u91-b14/src/hotspot/src/share/vm/p
Event: 0.110 Thread 0x00007f8e9400a000 Exception <a 'java/lang/NoSuchMethodError': Method sun.misc.Unsafe.prefetchRead(Ljava/lang/Object;J)V name or signature does not match> (0x00000000eab07fa8) thrown at [/build/openjdk-8-62f1BD/openjdk-8-8u91-b14/src/hotspot/src/share/vm/prims/jni.cpp, line
Event: 0.340 Thread 0x00007f8e9400a000 Exception <a 'java/util/zip/ZipException'> (0x00000000eab56cc8) thrown at [/build/openjdk-8-62f1BD/openjdk-8-8u91-b14/src/hotspot/src/share/vm/prims/jni.cpp, line 709]
Event: 0.341 Thread 0x00007f8e9400a000 Exception <a 'java/security/PrivilegedActionException'> (0x00000000eab56f68) thrown at [/build/openjdk-8-62f1BD/openjdk-8-8u91-b14/src/hotspot/src/share/vm/prims/jvm.cpp, line 1386]
Event: 0.341 Thread 0x00007f8e9400a000 Exception <a 'java/security/PrivilegedActionException'> (0x00000000eab57178) thrown at [/build/openjdk-8-62f1BD/openjdk-8-8u91-b14/src/hotspot/src/share/vm/prims/jvm.cpp, line 1386]
Event: 5.969 Thread 0x00007f8e94185800 Exception <a 'java/lang/ArrayIndexOutOfBoundsException': 18> (0x00000000ebcbbc50) thrown at [/build/openjdk-8-62f1BD/openjdk-8-8u91-b14/src/hotspot/src/share/vm/interpreter/interpreterRuntime.cpp, line 366]
Event: 5.970 Thread 0x00007f8e94185800 Exception <a 'java/lang/ArrayIndexOutOfBoundsException': 145> (0x00000000ebcbd7d0) thrown at [/build/openjdk-8-62f1BD/openjdk-8-8u91-b14/src/hotspot/src/share/vm/interpreter/interpreterRuntime.cpp, line 366]
Event: 5.976 Thread 0x00007f8e94185800 Exception <a 'java/lang/ArrayIndexOutOfBoundsException': 40> (0x00000000ebcbeab8) thrown at [/build/openjdk-8-62f1BD/openjdk-8-8u91-b14/src/hotspot/src/share/vm/interpreter/interpreterRuntime.cpp, line 366]

Events (10 events):
Event: 11.364 Thread 0x00007f8e94195000 DEOPT UNPACKING pc=0x00007f8e85047373 sp=0x00007f8e7e002b68 mode 0
Event: 11.396 Thread 0x00007f8e94195000 DEOPT PACKING pc=0x00007f8e85356bac sp=0x00007f8e7e003270
Event: 11.396 Thread 0x00007f8e94195000 DEOPT UNPACKING pc=0x00007f8e85047373 sp=0x00007f8e7e002f70 mode 0
Event: 11.435 Thread 0x00007f8e94195000 DEOPT PACKING pc=0x00007f8e852a18ad sp=0x00007f8e7e002de0
Event: 11.436 Thread 0x00007f8e94195000 DEOPT UNPACKING pc=0x00007f8e85047373 sp=0x00007f8e7e002b68 mode 0
Event: 11.453 Thread 0x00007f8e94185800 DEOPT PACKING pc=0x00007f8e85350c10 sp=0x00007f8e7e204ed0
Event: 11.453 Thread 0x00007f8e94185800 DEOPT UNPACKING pc=0x00007f8e85047373 sp=0x00007f8e7e204cb8 mode 0
Event: 11.680 Thread 0x00007f8e9400a000 DEOPT PACKING pc=0x00007f8e852a18ad sp=0x00007f8e9e2285d0
Event: 11.680 Thread 0x00007f8e9400a000 DEOPT UNPACKING pc=0x00007f8e85047373 sp=0x00007f8e9e228358 mode 0
Event: 11.748 Executing VM operation: ParallelGCFailedAllocation


Dynamic libraries:
00400000-00401000 r-xp 00000000 08:01 1453088                            /usr/lib/jvm/java-8-openjdk-amd64/jre/bin/java
00600000-00601000 r--p 00000000 08:01 1453088                            /usr/lib/jvm/java-8-openjdk-amd64/jre/bin/java
00601000-00602000 rw-p 00001000 08:01 1453088                            /usr/lib/jvm/java-8-openjdk-amd64/jre/bin/java
0070e000-0072f000 rw-p 00000000 00:00 0                                  [heap]
c0000000-c2980000 rw-p 00000000 00:00 0 
c2980000-eab00000 ---p 00000000 00:00 0 
eab00000-f4500000 rw-p 00000000 00:00 0 
fd200000-100000000 ---p 00000000 00:00 0 
100000000-1000a0000 rw-p 00000000 00:00 0 
1000a0000-140000000 ---p 00000000 00:00 0 
7f8e30000000-7f8e30029000 rw-p 00000000 00:00 0 
7f8e30029000-7f8e34000000 ---p 00000000 00:00 0 
7f8e38000000-7f8e3802e000 rw-p 00000000 00:00 0 
7f8e3802e000-7f8e3c000000 ---p 00000000 00:00 0 
7f8e3c000000-7f8e3c021000 rw-p 00000000 00:00 0 
7f8e3c021000-7f8e40000000 ---p 00000000 00:00 0 
7f8e40000000-7f8e40030000 rw-p 00000000 00:00 0 
7f8e40030000-7f8e44000000 ---p 00000000 00:00 0 
7f8e44000000-7f8e44021000 rw-p 00000000 00:00 0 
7f8e44021000-7f8e48000000 ---p 00000000 00:00 0 
7f8e48000000-7f8e48021000 rw-p 00000000 00:00 0 
7f8e48021000-7f8e4c000000 ---p 00000000 00:00 0 
7f8e4c000000-7f8e4c021000 rw-p 00000000 00:00 0 
7f8e4c021000-7f8e50000000 ---p 00000000 00:00 0 
7f8e50000000-7f8e506b0000 rw-p 00000000 00:00 0 
7f8e506b0000-7f8e54000000 ---p 00000000 00:00 0 
7f8e54000000-7f8e5486e000 rw-p 00000000 00:00 0 
7f8e5486e000-7f8e58000000 ---p 00000000 00:00 0 
7f8e58000000-7f8e58021000 rw-p 00000000 00:00 0 
7f8e58021000-7f8e5c000000 ---p 00000000 00:00 0 
7f8e5c000000-7f8e5c758000 rw-p 00000000 00:00 0 
7f8e5c758000-7f8e60000000 ---p 00000000 00:00 0 
7f8e60000000-7f8e60021000 rw-p 00000000 00:00 0 
7f8e60021000-7f8e64000000 ---p 00000000 00:00 0 
7f8e64000000-7f8e64021000 rw-p 00000000 00:00 0 
7f8e64021000-7f8e68000000 ---p 00000000 00:00 0 
7f8e68000000-7f8e68021000 rw-p 00000000 00:00 0 
7f8e68021000-7f8e6c000000 ---p 00000000 00:00 0 
7f8e6c000000-7f8e6c021000 rw-p 00000000 00:00 0 
7f8e6c021000-7f8e70000000 ---p 00000000 00:00 0 
7f8e70000000-7f8e70021000 rw-p 00000000 00:00 0 
7f8e70021000-7f8e74000000 ---p 00000000 00:00 0 
7f8e78000000-7f8e78021000 rw-p 00000000 00:00 0 
7f8e78021000-7f8e7c000000 ---p 00000000 00:00 0 
7f8e7df04000-7f8e7df07000 ---p 00000000 00:00 0 
7f8e7df07000-7f8e7e005000 rw-p 00000000 00:00 0                          [stack:14605]
7f8e7e005000-7f8e7e008000 ---p 00000000 00:00 0 
7f8e7e008000-7f8e7e106000 rw-p 00000000 00:00 0                          [stack:14604]
7f8e7e106000-7f8e7e109000 ---p 00000000 00:00 0 
7f8e7e109000-7f8e7e207000 rw-p 00000000 00:00 0                          [stack:14603]
7f8e7e207000-7f8e7e20a000 ---p 00000000 00:00 0 
7f8e7e20a000-7f8e7e308000 rw-p 00000000 00:00 0                          [stack:14602]
7f8e7e308000-7f8e7e30b000 ---p 00000000 00:00 0 
7f8e7e30b000-7f8e7e409000 rw-p 00000000 00:00 0                          [stack:14601]
7f8e7e409000-7f8e7e40a000 ---p 00000000 00:00 0 
7f8e7e40a000-7f8e7e50a000 rw-p 00000000 00:00 0                          [stack:14594]
7f8e7e50a000-7f8e7e50d000 ---p 00000000 00:00 0 
7f8e7e50d000-7f8e7e60b000 rw-p 00000000 00:00 0                          [stack:14593]
7f8e7e60b000-7f8e7e60e000 ---p 00000000 00:00 0 
7f8e7e60e000-7f8e7e70c000 rw-p 00000000 00:00 0                          [stack:14592]
7f8e7e70c000-7f8e7e70f000 ---p 00000000 00:00 0 
7f8e7e70f000-7f8e7e80d000 rw-p 00000000 00:00 0                          [stack:14591]
7f8e7e80d000-7f8e7e810000 ---p 00000000 00:00 0 
7f8e7e810000-7f8e7e90e000 rw-p 00000000 00:00 0                          [stack:14590]
7f8e7e90e000-7f8e7e911000 ---p 00000000 00:00 0 
7f8e7e911000-7f8e7ea0f000 rw-p 00000000 00:00 0                          [stack:14589]
7f8e7ea0f000-7f8e7f0f1000 r--p 00000000 08:01 1318268                    /usr/lib/locale/locale-archive
7f8e7f0f1000-7f8e7f0f4000 ---p 00000000 00:00 0 
7f8e7f0f4000-7f8e7f1f2000 rw-p 00000000 00:00 0                          [stack:14588]
7f8e7f1f2000-7f8e7f1f5000 ---p 00000000 00:00 0 
7f8e7f1f5000-7f8e7f2f3000 rw-p 00000000 00:00 0                          [stack:14587]
7f8e7f2f3000-7f8e7f2f4000 ---p 00000000 00:00 0 
7f8e7f2f4000-7f8e80000000 rw-p 00000000 00:00 0                          [stack:14586]
7f8e80000000-7f8e80021000 rw-p 00000000 00:00 0 
7f8e80021000-7f8e84000000 ---p 00000000 00:00 0 
7f8e84026000-7f8e8405b000 r--s 00236000 08:01 7213100                    /home/ctorney/workspace/AndroidStudioProjects/osmoApp/Sample Code/app/build/intermediates/exploded-aar/Sample Code/dJISDKLIB/unspecified/jars/libs/dji-sdk.jar
7f8e8405b000-7f8e8406a000 r--s 000df000 08:01 6948943                    /home/ctorney/Android/Sdk/build-tools/23.0.1/lib/dx.jar
7f8e8406a000-7f8e84086000 r--s 00393000 08:01 1579418                    /usr/lib/jvm/java-8-openjdk-amd64/jre/lib/ext/cldrdata.jar
7f8e84086000-7f8e840a1000 r--s 001d7000 08:01 1579416                    /usr/lib/jvm/java-8-openjdk-amd64/jre/lib/ext/nashorn.jar
7f8e840a1000-7f8e84433000 rw-p 00000000 00:00 0 
7f8e84433000-7f8e84600000 r--s 03be7000 08:01 1453141                    /usr/lib/jvm/java-8-openjdk-amd64/jre/lib/rt.jar
7f8e84600000-7f8e84c80000 rw-p 00000000 00:00 0 
7f8e84c80000-7f8e84e00000 ---p 00000000 00:00 0 
7f8e84e00000-7f8e85000000 rw-p 00000000 00:00 0 
7f8e85000000-7f8e85620000 rwxp 00000000 00:00 0 
7f8e85620000-7f8e94000000 ---p 00000000 00:00 0 
7f8e94000000-7f8e941c6000 rw-p 00000000 00:00 0 
7f8e941c6000-7f8e98000000 ---p 00000000 00:00 0 
7f8e98006000-7f8e9800a000 r--s 00037000 08:01 1579425                    /usr/lib/jvm/java-8-openjdk-amd64/jre/lib/ext/sunpkcs11.jar
7f8e9800a000-7f8e98014000 r--s 00116000 08:01 1579424                    /usr/lib/jvm/java-8-openjdk-amd64/jre/lib/ext/localedata.jar
7f8e98014000-7f8e9a0ab000 rw-p 00000000 00:00 0 
7f8e9a0ab000-7f8e9a0ac000 ---p 00000000 00:00 0 
7f8e9a0ac000-7f8e9a1ac000 rw-p 00000000 00:00 0                          [stack:14585]
7f8e9a1ac000-7f8e9a1ad000 ---p 00000000 00:00 0 
7f8e9a1ad000-7f8e9a2ad000 rw-p 00000000 00:00 0                          [stack:14584]
7f8e9a2ad000-7f8e9a2ae000 ---p 00000000 00:00 0 
7f8e9a2ae000-7f8e9a3ae000 rw-p 00000000 00:00 0                          [stack:14583]
7f8e9a3ae000-7f8e9a3af000 ---p 00000000 00:00 0 
7f8e9a3af000-7f8e9a4c4000 rw-p 00000000 00:00 0                          [stack:14582]
7f8e9a4c4000-7f8e9a605000 ---p 00000000 00:00 0 
7f8e9a605000-7f8e9a61a000 rw-p 00000000 00:00 0 
7f8e9a61a000-7f8e9a75a000 ---p 00000000 00:00 0 
7f8e9a75a000-7f8e9a7a8000 rw-p 00000000 00:00 0 
7f8e9a7a8000-7f8e9a805000 ---p 00000000 00:00 0 
7f8e9a805000-7f8e9a81f000 rw-p 00000000 00:00 0 
7f8e9a81f000-7f8e9abc6000 ---p 00000000 00:00 0 
7f8e9abc6000-7f8e9abce000 r-xp 00000000 08:01 1453120                    /usr/lib/jvm/java-8-openjdk-amd64/jre/lib/amd64/libzip.so
7f8e9abce000-7f8e9adcd000 ---p 00008000 08:01 1453120                    /usr/lib/jvm/java-8-openjdk-amd64/jre/lib/amd64/libzip.so
7f8e9adcd000-7f8e9adce000 r--p 00007000 08:01 1453120                    /usr/lib/jvm/java-8-openjdk-amd64/jre/lib/amd64/libzip.so
7f8e9adce000-7f8e9adcf000 rw-p 00008000 08:01 1453120                    /usr/lib/jvm/java-8-openjdk-amd64/jre/lib/amd64/libzip.so
7f8e9adcf000-7f8e9addb000 r-xp 00000000 08:01 3150105                    /lib/x86_64-linux-gnu/libnss_files-2.21.so
7f8e9addb000-7f8e9afda000 ---p 0000c000 08:01 3150105                    /lib/x86_64-linux-gnu/libnss_files-2.21.so
7f8e9afda000-7f8e9afdb000 r--p 0000b000 08:01 3150105                    /lib/x86_64-linux-gnu/libnss_files-2.21.so
7f8e9afdb000-7f8e9afdc000 rw-p 0000c000 08:01 3150105                    /lib/x86_64-linux-gnu/libnss_files-2.21.so
7f8e9afdc000-7f8e9afe7000 r-xp 00000000 08:01 3150115                    /lib/x86_64-linux-gnu/libnss_nis-2.21.so
7f8e9afe7000-7f8e9b1e6000 ---p 0000b000 08:01 3150115                    /lib/x86_64-linux-gnu/libnss_nis-2.21.so
7f8e9b1e6000-7f8e9b1e7000 r--p 0000a000 08:01 3150115                    /lib/x86_64-linux-gnu/libnss_nis-2.21.so
7f8e9b1e7000-7f8e9b1e8000 rw-p 0000b000 08:01 3150115                    /lib/x86_64-linux-gnu/libnss_nis-2.21.so
7f8e9b1e8000-7f8e9b1ff000 r-xp 00000000 08:01 3150099                    /lib/x86_64-linux-gnu/libnsl-2.21.so
7f8e9b1ff000-7f8e9b3fe000 ---p 00017000 08:01 3150099                    /lib/x86_64-linux-gnu/libnsl-2.21.so
7f8e9b3fe000-7f8e9b3ff000 r--p 00016000 08:01 3150099                    /lib/x86_64-linux-gnu/libnsl-2.21.so
7f8e9b3ff000-7f8e9b400000 rw-p 00017000 08:01 3150099                    /lib/x86_64-linux-gnu/libnsl-2.21.so
7f8e9b400000-7f8e9b402000 rw-p 00000000 00:00 0 
7f8e9b402000-7f8e9b40a000 r-xp 00000000 08:01 3150101                    /lib/x86_64-linux-gnu/libnss_compat-2.21.so
7f8e9b40a000-7f8e9b609000 ---p 00008000 08:01 3150101                    /lib/x86_64-linux-gnu/libnss_compat-2.21.so
7f8e9b609000-7f8e9b60a000 r--p 00007000 08:01 3150101                    /lib/x86_64-linux-gnu/libnss_compat-2.21.so
7f8e9b60a000-7f8e9b60b000 rw-p 00008000 08:01 3150101                    /lib/x86_64-linux-gnu/libnss_compat-2.21.so
7f8e9b60b000-7f8e9b638000 r-xp 00000000 08:01 1453105                    /usr/lib/jvm/java-8-openjdk-amd64/jre/lib/amd64/libjava.so
7f8e9b638000-7f8e9b837000 ---p 0002d000 08:01 1453105                    /usr/lib/jvm/java-8-openjdk-amd64/jre/lib/amd64/libjava.so
7f8e9b837000-7f8e9b838000 r--p 0002c000 08:01 1453105                    /usr/lib/jvm/java-8-openjdk-amd64/jre/lib/amd64/libjava.so
7f8e9b838000-7f8e9b83a000 rw-p 0002d000 08:01 1453105                    /usr/lib/jvm/java-8-openjdk-amd64/jre/lib/amd64/libjava.so
7f8e9b83a000-7f8e9b849000 r-xp 00000000 08:01 1453106                    /usr/lib/jvm/java-8-openjdk-amd64/jre/lib/amd64/libverify.so
7f8e9b849000-7f8e9ba48000 ---p 0000f000 08:01 1453106                    /usr/lib/jvm/java-8-openjdk-amd64/jre/lib/amd64/libverify.so
7f8e9ba48000-7f8e9ba4a000 r--p 0000e000 08:01 1453106                    /usr/lib/jvm/java-8-openjdk-amd64/jre/lib/amd64/libverify.so
7f8e9ba4a000-7f8e9ba4b000 rw-p 00010000 08:01 1453106                    /usr/lib/jvm/java-8-openjdk-amd64/jre/lib/amd64/libverify.so
7f8e9ba4b000-7f8e9ba52000 r-xp 00000000 08:01 3150160                    /lib/x86_64-linux-gnu/librt-2.21.so
7f8e9ba52000-7f8e9bc51000 ---p 00007000 08:01 3150160                    /lib/x86_64-linux-gnu/librt-2.21.so
7f8e9bc51000-7f8e9bc52000 r--p 00006000 08:01 3150160                    /lib/x86_64-linux-gnu/librt-2.21.so
7f8e9bc52000-7f8e9bc53000 rw-p 00007000 08:01 3150160                    /lib/x86_64-linux-gnu/librt-2.21.so
7f8e9bc53000-7f8e9bc69000 r-xp 00000000 08:01 3145828                    /lib/x86_64-linux-gnu/libgcc_s.so.1
7f8e9bc69000-7f8e9be68000 ---p 00016000 08:01 3145828                    /lib/x86_64-linux-gnu/libgcc_s.so.1
7f8e9be68000-7f8e9be69000 r--p 00015000 08:01 3145828                    /lib/x86_64-linux-gnu/libgcc_s.so.1
7f8e9be69000-7f8e9be6a000 rw-p 00016000 08:01 3145828                    /lib/x86_64-linux-gnu/libgcc_s.so.1
7f8e9be6a000-7f8e9bf71000 r-xp 00000000 08:01 3150078                    /lib/x86_64-linux-gnu/libm-2.21.so
7f8e9bf71000-7f8e9c170000 ---p 00107000 08:01 3150078                    /lib/x86_64-linux-gnu/libm-2.21.so
7f8e9c170000-7f8e9c171000 r--p 00106000 08:01 3150078                    /lib/x86_64-linux-gnu/libm-2.21.so
7f8e9c171000-7f8e9c172000 rw-p 00107000 08:01 3150078                    /lib/x86_64-linux-gnu/libm-2.21.so
7f8e9c172000-7f8e9c2e5000 r-xp 00000000 08:01 1310965                    /usr/lib/x86_64-linux-gnu/libstdc++.so.6.0.21
7f8e9c2e5000-7f8e9c4e4000 ---p 00173000 08:01 1310965                    /usr/lib/x86_64-linux-gnu/libstdc++.so.6.0.21
7f8e9c4e4000-7f8e9c4ee000 r--p 00172000 08:01 1310965                    /usr/lib/x86_64-linux-gnu/libstdc++.so.6.0.21
7f8e9c4ee000-7f8e9c4f0000 rw-p 0017c000 08:01 1310965                    /usr/lib/x86_64-linux-gnu/libstdc++.so.6.0.21
7f8e9c4f0000-7f8e9c4f4000 rw-p 00000000 00:00 0 
7f8e9c4f4000-7f8e9d13b000 r-xp 00000000 08:01 1453118                    /usr/lib/jvm/java-8-openjdk-amd64/jre/lib/amd64/server/libjvm.so
7f8e9d13b000-7f8e9d33a000 ---p 00c47000 08:01 1453118                    /usr/lib/jvm/java-8-openjdk-amd64/jre/lib/amd64/server/libjvm.so
7f8e9d33a000-7f8e9d3cd000 r--p 00c46000 08:01 1453118                    /usr/lib/jvm/java-8-openjdk-amd64/jre/lib/amd64/server/libjvm.so
7f8e9d3cd000-7f8e9d3f5000 rw-p 00cd9000 08:01 1453118                    /usr/lib/jvm/java-8-openjdk-amd64/jre/lib/amd64/server/libjvm.so
7f8e9d3f5000-7f8e9d425000 rw-p 00000000 00:00 0 
7f8e9d425000-7f8e9d43d000 r-xp 00000000 08:01 3150152                    /lib/x86_64-linux-gnu/libpthread-2.21.so
7f8e9d43d000-7f8e9d63d000 ---p 00018000 08:01 3150152                    /lib/x86_64-linux-gnu/libpthread-2.21.so
7f8e9d63d000-7f8e9d63e000 r--p 00018000 08:01 3150152                    /lib/x86_64-linux-gnu/libpthread-2.21.so
7f8e9d63e000-7f8e9d63f000 rw-p 00019000 08:01 3150152                    /lib/x86_64-linux-gnu/libpthread-2.21.so
7f8e9d63f000-7f8e9d643000 rw-p 00000000 00:00 0 
7f8e9d643000-7f8e9d646000 r-xp 00000000 08:01 3150036                    /lib/x86_64-linux-gnu/libdl-2.21.so
7f8e9d646000-7f8e9d845000 ---p 00003000 08:01 3150036                    /lib/x86_64-linux-gnu/libdl-2.21.so
7f8e9d845000-7f8e9d846000 r--p 00002000 08:01 3150036                    /lib/x86_64-linux-gnu/libdl-2.21.so
7f8e9d846000-7f8e9d847000 rw-p 00003000 08:01 3150036                    /lib/x86_64-linux-gnu/libdl-2.21.so
7f8e9d847000-7f8e9d860000 r-xp 00000000 08:01 3145794                    /lib/x86_64-linux-gnu/libz.so.1.2.8
7f8e9d860000-7f8e9da5f000 ---p 00019000 08:01 3145794                    /lib/x86_64-linux-gnu/libz.so.1.2.8
7f8e9da5f000-7f8e9da60000 r--p 00018000 08:01 3145794                    /lib/x86_64-linux-gnu/libz.so.1.2.8
7f8e9da60000-7f8e9da61000 rw-p 00019000 08:01 3145794                    /lib/x86_64-linux-gnu/libz.so.1.2.8
7f8e9da61000-7f8e9dc21000 r-xp 00000000 08:01 3150019                    /lib/x86_64-linux-gnu/libc-2.21.so
7f8e9dc21000-7f8e9de21000 ---p 001c0000 08:01 3150019                    /lib/x86_64-linux-gnu/libc-2.21.so
7f8e9de21000-7f8e9de25000 r--p 001c0000 08:01 3150019                    /lib/x86_64-linux-gnu/libc-2.21.so
7f8e9de25000-7f8e9de27000 rw-p 001c4000 08:01 3150019                    /lib/x86_64-linux-gnu/libc-2.21.so
7f8e9de27000-7f8e9de2b000 rw-p 00000000 00:00 0 
7f8e9de2b000-7f8e9de38000 r-xp 00000000 08:01 1579397                    /usr/lib/jvm/java-8-openjdk-amd64/jre/lib/amd64/jli/libjli.so
7f8e9de38000-7f8e9e038000 ---p 0000d000 08:01 1579397                    /usr/lib/jvm/java-8-openjdk-amd64/jre/lib/amd64/jli/libjli.so
7f8e9e038000-7f8e9e039000 r--p 0000d000 08:01 1579397                    /usr/lib/jvm/java-8-openjdk-amd64/jre/lib/amd64/jli/libjli.so
7f8e9e039000-7f8e9e03a000 rw-p 0000e000 08:01 1579397                    /usr/lib/jvm/java-8-openjdk-amd64/jre/lib/amd64/jli/libjli.so
7f8e9e03a000-7f8e9e05e000 r-xp 00000000 08:01 3149991                    /lib/x86_64-linux-gnu/ld-2.21.so
7f8e9e05f000-7f8e9e065000 r--s 0003a000 08:01 1579422                    /usr/lib/jvm/java-8-openjdk-amd64/jre/lib/ext/sunjce_provider.jar
7f8e9e065000-7f8e9e12a000 rw-p 00000000 00:00 0 
7f8e9e12a000-7f8e9e12d000 ---p 00000000 00:00 0 
7f8e9e12d000-7f8e9e230000 rw-p 00000000 00:00 0                          [stack:14579]
7f8e9e231000-7f8e9e232000 rw-p 00000000 00:00 0 
7f8e9e232000-7f8e9e233000 r--p 00000000 08:01 2104833                    /usr/share/locale-langpack/en_GB/LC_MESSAGES/libc.mo
7f8e9e233000-7f8e9e234000 r--s 0000a000 08:01 1579420                    /usr/lib/jvm/java-8-openjdk-amd64/jre/lib/ext/jaccess.jar
7f8e9e234000-7f8e9e235000 r--s 00008000 08:01 1579419                    /usr/lib/jvm/java-8-openjdk-amd64/jre/lib/ext/sunec.jar
7f8e9e235000-7f8e9e236000 r--s 00010000 08:01 1579421                    /usr/lib/jvm/java-8-openjdk-amd64/jre/lib/ext/zipfs.jar
7f8e9e236000-7f8e9e238000 r--s 00007000 08:01 1712753                    /usr/share/java/java-atk-wrapper.jar
7f8e9e238000-7f8e9e23b000 r--s 0000f000 08:01 1579423                    /usr/lib/jvm/java-8-openjdk-amd64/jre/lib/ext/icedtea-sound.jar
7f8e9e23b000-7f8e9e23d000 r--s 00001000 08:01 1579417                    /usr/lib/jvm/java-8-openjdk-amd64/jre/lib/ext/dnsns.jar
7f8e9e23d000-7f8e9e251000 rw-p 00000000 00:00 0 
7f8e9e251000-7f8e9e259000 rw-s 00000000 08:01 655783                     /tmp/hsperfdata_ctorney/14577
7f8e9e259000-7f8e9e25a000 rw-p 00000000 00:00 0 
7f8e9e25a000-7f8e9e25b000 ---p 00000000 00:00 0 
7f8e9e25b000-7f8e9e25d000 rw-p 00000000 00:00 0 
7f8e9e25d000-7f8e9e25e000 r--p 00023000 08:01 3149991                    /lib/x86_64-linux-gnu/ld-2.21.so
7f8e9e25e000-7f8e9e25f000 rw-p 00024000 08:01 3149991                    /lib/x86_64-linux-gnu/ld-2.21.so
7f8e9e25f000-7f8e9e260000 rw-p 00000000 00:00 0 
7ffef2fbb000-7ffef2fdc000 rw-p 00000000 00:00 0                          [stack]
7ffef2fee000-7ffef2ff0000 r--p 00000000 00:00 0                          [vvar]
7ffef2ff0000-7ffef2ff2000 r-xp 00000000 00:00 0                          [vdso]
ffffffffff600000-ffffffffff601000 r-xp 00000000 00:00 0                  [vsyscall]

VM Arguments:
jvm_args: -Djava.awt.headless=true -Xmx1024M -Dfile.encoding=UTF-8 -Duser.country=GB -Duser.language=en -Duser.variant 
java_command: com.android.dx.command.Main --dex --force-jumbo --num-threads=4 --multi-dex --output /home/ctorney/workspace/AndroidStudioProjects/osmoApp/Sample Code/app/build/intermediates/transforms/dex/debug/folders/1000/8/dji-sdk_7b37e3c0cb9879a5dd55aa47e3d58a2319ba3a5d /home/ctorney/workspace/AndroidStudioProjects/osmoApp/Sample Code/app/build/intermediates/exploded-aar/Sample Code/dJISDKLIB/unspecified/jars/libs/dji-sdk.jar
java_class_path (initial): /home/ctorney/Android/Sdk/build-tools/23.0.1/lib/dx.jar
Launcher Type: SUN_STANDARD

Environment Variables:
JAVA_HOME=/usr/lib/jvm/java-1.8.0-openjdk-amd64
PATH=/usr/local/sbin:/usr/local/bin:/usr/sbin:/usr/bin:/sbin:/bin:/usr/games:/usr/local/games:/home/ctorney/bin:/usr/local/java64/jre1.7.0_80/bin:/usr/lib/sagemath
LD_LIBRARY_PATH=/usr/local/android-studio/bin:
SHELL=/bin/bash
DISPLAY=:0

Signal Handlers:
SIGSEGV: [libjvm.so+0xa5f350], sa_mask[0]=11111111011111111101111111111110, sa_flags=SA_RESTART|SA_SIGINFO
SIGBUS: [libjvm.so+0xa5f350], sa_mask[0]=11111111011111111101111111111110, sa_flags=SA_RESTART|SA_SIGINFO
SIGFPE: [libjvm.so+0x8aa700], sa_mask[0]=11111111011111111101111111111110, sa_flags=SA_RESTART|SA_SIGINFO
SIGPIPE: [libjvm.so+0x8aa700], sa_mask[0]=11111111011111111101111111111110, sa_flags=SA_RESTART|SA_SIGINFO
SIGXFSZ: [libjvm.so+0x8aa700], sa_mask[0]=11111111011111111101111111111110, sa_flags=SA_RESTART|SA_SIGINFO
SIGILL: [libjvm.so+0x8aa700], sa_mask[0]=11111111011111111101111111111110, sa_flags=SA_RESTART|SA_SIGINFO
SIGUSR1: SIG_DFL, sa_mask[0]=00000000000000000000000000000000, sa_flags=none
SIGUSR2: [libjvm.so+0x8aa5b0], sa_mask[0]=00100000000000000000000000000000, sa_flags=SA_RESTART|SA_SIGINFO
SIGHUP: [libjvm.so+0x8aaa80], sa_mask[0]=11111111011111111101111111111110, sa_flags=SA_RESTART|SA_SIGINFO
SIGINT: [libjvm.so+0x8aaa80], sa_mask[0]=11111111011111111101111111111110, sa_flags=SA_RESTART|SA_SIGINFO
SIGTERM: [libjvm.so+0x8aaa80], sa_mask[0]=11111111011111111101111111111110, sa_flags=SA_RESTART|SA_SIGINFO
SIGQUIT: [libjvm.so+0x8aaa80], sa_mask[0]=11111111011111111101111111111110, sa_flags=SA_RESTART|SA_SIGINFO


---------------  S Y S T E M  ---------------

OS:DISTRIB_ID=Ubuntu
DISTRIB_RELEASE=15.10
DISTRIB_CODENAME=wily
DISTRIB_DESCRIPTION="Ubuntu 15.10"

uname:Linux 4.2.0-18-generic #22-Ubuntu SMP Fri Nov 6 18:25:50 UTC 2015 x86_64
libc:glibc 2.21 NPTL 2.21 
rlimit: STACK 8192k, CORE 0k, NPROC 15260, NOFILE 65536, AS infinity
load average:13.31 4.32 3.13

/proc/meminfo:
MemTotal:        3941416 kB
MemFree:          246888 kB
MemAvailable:     315300 kB
Buffers:            1204 kB
Cached:           472476 kB
SwapCached:        19244 kB
Active:          2495272 kB
Inactive:         962160 kB
Active(anon):    2482988 kB
Inactive(anon):   923172 kB
Active(file):      12284 kB
Inactive(file):    38988 kB
Unevictable:         272 kB
Mlocked:             272 kB
SwapTotal:       4087804 kB
SwapFree:          56784 kB
Dirty:                24 kB
Writeback:          4352 kB
AnonPages:       2970608 kB
Mapped:           183224 kB
Shmem:            422064 kB
Slab:              97500 kB
SReclaimable:      46480 kB
SUnreclaim:        51020 kB
KernelStack:       15152 kB
PageTables:        72064 kB
NFS_Unstable:          0 kB
Bounce:                0 kB
WritebackTmp:          0 kB
CommitLimit:     6058512 kB
Committed_AS:   15072808 kB
VmallocTotal:   34359738367 kB
VmallocUsed:      551596 kB
VmallocChunk:   34358423548 kB
HardwareCorrupted:     0 kB
AnonHugePages:    532480 kB
CmaTotal:              0 kB
CmaFree:               0 kB
HugePages_Total:       0
HugePages_Free:        0
HugePages_Rsvd:        0
HugePages_Surp:        0
Hugepagesize:       2048 kB
DirectMap4k:      220672 kB
DirectMap2M:     3868672 kB
DirectMap1G:           0 kB


CPU:total 4 (2 cores per cpu, 2 threads per core) family 6 model 69 stepping 1, cmov, cx8, fxsr, mmx, sse, sse2, sse3, ssse3, sse4.1, sse4.2, popcnt, avx, avx2, aes, clmul, erms, lzcnt, ht, tsc, tscinvbit, bmi1, bmi2

/proc/cpuinfo:
processor	: 0
vendor_id	: GenuineIntel
cpu family	: 6
model		: 69
model name	: Intel(R) Core(TM) i5-4210U CPU @ 1.70GHz
stepping	: 1
microcode	: 0x1c
cpu MHz		: 2399.906
cache size	: 3072 KB
physical id	: 0
siblings	: 4
core id		: 0
cpu cores	: 2
apicid		: 0
initial apicid	: 0
fpu		: yes
fpu_exception	: yes
cpuid level	: 13
wp		: yes
flags		: fpu vme de pse tsc msr pae mce cx8 apic sep mtrr pge mca cmov pat pse36 clflush dts acpi mmx fxsr sse sse2 ss ht tm pbe syscall nx pdpe1gb rdtscp lm constant_tsc arch_perfmon pebs bts rep_good nopl xtopology nonstop_tsc aperfmperf eagerfpu pni pclmulqdq dtes64 monitor ds_cpl vmx est tm2 ssse3 fma cx16 xtpr pdcm pcid sse4_1 sse4_2 movbe popcnt tsc_deadline_timer aes xsave avx f16c rdrand lahf_lm abm ida arat epb pln pts dtherm tpr_shadow vnmi flexpriority ept vpid fsgsbase tsc_adjust bmi1 avx2 smep bmi2 erms invpcid xsaveopt
bugs		:
bogomips	: 4788.86
clflush size	: 64
cache_alignment	: 64
address sizes	: 39 bits physical, 48 bits virtual
power management:

processor	: 1
vendor_id	: GenuineIntel
cpu family	: 6
model		: 69
model name	: Intel(R) Core(TM) i5-4210U CPU @ 1.70GHz
stepping	: 1
microcode	: 0x1c
cpu MHz		: 2400.000
cache size	: 3072 KB
physical id	: 0
siblings	: 4
core id		: 0
cpu cores	: 2
apicid		: 1
initial apicid	: 1
fpu		: yes
fpu_exception	: yes
cpuid level	: 13
wp		: yes
flags		: fpu vme de pse tsc msr pae mce cx8 apic sep mtrr pge mca cmov pat pse36 clflush dts acpi mmx fxsr sse sse2 ss ht tm pbe syscall nx pdpe1gb rdtscp lm constant_tsc arch_perfmon pebs bts rep_good nopl xtopology nonstop_tsc aperfmperf eagerfpu pni pclmulqdq dtes64 monitor ds_cpl vmx est tm2 ssse3 fma cx16 xtpr pdcm pcid sse4_1 sse4_2 movbe popcnt tsc_deadline_timer aes xsave avx f16c rdrand lahf_lm abm ida arat epb pln pts dtherm tpr_shadow vnmi flexpriority ept vpid fsgsbase tsc_adjust bmi1 avx2 smep bmi2 erms invpcid xsaveopt
bugs		:
bogomips	: 4788.86
clflush size	: 64
cache_alignment	: 64
address sizes	: 39 bits physical, 48 bits virtual
power management:

processor	: 2
vendor_id	: GenuineIntel
cpu family	: 6
model		: 69
model name	: Intel(R) Core(TM) i5-4210U CPU @ 1.70GHz
stepping	: 1
microcode	: 0x1c
cpu MHz		: 2399.906
cache size	: 3072 KB
physical id	: 0
siblings	: 4
core id		: 1
cpu cores	: 2
apicid		: 2
initial apicid	: 2
fpu		: yes
fpu_exception	: yes
cpuid level	: 13
wp		: yes
flags		: fpu vme de pse tsc msr pae mce cx8 apic sep mtrr pge mca cmov pat pse36 clflush dts acpi mmx fxsr sse sse2 ss ht tm pbe syscall nx pdpe1gb rdtscp lm constant_tsc arch_perfmon pebs bts rep_good nopl xtopology nonstop_tsc aperfmperf eagerfpu pni pclmulqdq dtes64 monitor ds_cpl vmx est tm2 ssse3 fma cx16 xtpr pdcm pcid sse4_1 sse4_2 movbe popcnt tsc_deadline_timer aes xsave avx f16c rdrand lahf_lm abm ida arat epb pln pts dtherm tpr_shadow vnmi flexpriority ept vpid fsgsbase tsc_adjust bmi1 avx2 smep bmi2 erms invpcid xsaveopt
bugs		:
bogomips	: 4788.86
clflush size	: 64
cache_alignment	: 64
address sizes	: 39 bits physical, 48 bits virtual
power management:

processor	: 3
vendor_id	: GenuineIntel
cpu family	: 6
model		: 69
model name	: Intel(R) Core(TM) i5-4210U CPU @ 1.70GHz
stepping	: 1
microcode	: 0x1c
cpu MHz		: 2400.000
cache size	: 3072 KB
physical id	: 0
siblings	: 4
core id		: 1
cpu cores	: 2
apicid		: 3
initial apicid	: 3
fpu		: yes
fpu_exception	: yes
cpuid level	: 13
wp		: yes
flags		: fpu vme de pse tsc msr pae mce cx8 apic sep mtrr pge mca cmov pat pse36 clflush dts acpi mmx fxsr sse sse2 ss ht tm pbe syscall nx pdpe1gb rdtscp lm constant_tsc arch_perfmon pebs bts rep_good nopl xtopology nonstop_tsc aperfmperf eagerfpu pni pclmulqdq dtes64 monitor ds_cpl vmx est tm2 ssse3 fma cx16 xtpr pdcm pcid sse4_1 sse4_2 movbe popcnt tsc_deadline_timer aes xsave avx f16c rdrand lahf_lm abm ida arat epb pln pts dtherm tpr_shadow vnmi flexpriority ept vpid fsgsbase tsc_adjust bmi1 avx2 smep bmi2 erms invpcid xsaveopt
bugs		:
bogomips	: 4788.86
clflush size	: 64
cache_alignment	: 64
address sizes	: 39 bits physical, 48 bits virtual
power management:



Memory: 4k page, physical 3941416k(246888k free), swap 4087804k(56784k free)

vm_info: OpenJDK 64-Bit Server VM (25.91-b14) for linux-amd64 JRE (1.8.0_91-8u91-b14-0ubuntu4~15.10.1-b14), built on Apr 23 2016 08:02:26 by "buildd" with gcc 5.2.1 20151010

time: Mon Jul  4 14:37:02 2016
elapsed time: 14 seconds (0d 0h 0m 14s)

